{"uuid":"37a57bfd-cca0-4298-81f4-a730aa156a8c","historyId":"58f42c76aa5c5dbc789d1a45bea62edb","fullName":"User Service Api Test: Login Negative Scenario","labels":[{"name":"tag","value":"UserServiceTest"},{"name":"tag","value":"NegativeTest"},{"name":"tag","value":"AllTest"},{"name":"host","value":"DESKTOP-UCDTR7K"},{"name":"thread","value":"12460@DESKTOP-UCDTR7K.main(1)"},{"name":"feature","value":"User Service Api Test"},{"name":"story","value":"Login Negative Scenario"},{"name":"suite","value":"User Service Api Test"},{"name":"testClass","value":"Login Negative Scenario"},{"name":"framework","value":"cucumber4jvm"},{"name":"language","value":"java"},{"name":"gherkin_uri","value":"file:///C:/Users/Virgosol/IdeaProjects/Lib/src/test/resources/Features/User.feature"},{"name":"package","value":"src.test.resources.Features.User_feature.User Service Api Test"}],"links":[],"name":"Login Negative Scenario","status":"failed","statusDetails":{"known":false,"muted":false,"flaky":false,"message":"Status code not 400 expected:<401> but was:<400>","trace":"java.lang.AssertionError: Status code not 400 expected:<401> but was:<400>\r\n\tat org.junit.Assert.fail(Assert.java:89)\r\n\tat org.junit.Assert.failNotEquals(Assert.java:835)\r\n\tat org.junit.Assert.assertEquals(Assert.java:647)\r\n\tat Test.UserServiceTest.faillogin(UserServiceTest.java:42)\r\n\tat ✽.Check failed Login with \"bayram\" and \"123456\" parameters(file:///C:/Users/Virgosol/IdeaProjects/Lib/src/test/resources/Features/User.feature:14)\r\n"},"stage":"finished","steps":[{"name":"Given  Check failed Login with \"bayram\" and \"123456\" parameters","status":"failed","statusDetails":{"known":false,"muted":false,"flaky":false,"message":"Status code not 400 expected:<401> but was:<400>","trace":"java.lang.AssertionError: Status code not 400 expected:<401> but was:<400>\r\n\tat org.junit.Assert.fail(Assert.java:89)\r\n\tat org.junit.Assert.failNotEquals(Assert.java:835)\r\n\tat org.junit.Assert.assertEquals(Assert.java:647)\r\n\tat Test.UserServiceTest.faillogin(UserServiceTest.java:42)\r\n\tat ✽.Check failed Login with \"bayram\" and \"123456\" parameters(file:///C:/Users/Virgosol/IdeaProjects/Lib/src/test/resources/Features/User.feature:14)\r\n"},"stage":"finished","steps":[],"attachments":[],"parameters":[],"start":1666180721236,"stop":1666180721959}],"attachments":[],"parameters":[{"name":"username","value":"bayram"},{"name":"password","value":"123456"}],"start":1666180721235,"stop":1666180721969}