{"uuid":"91823efe-0709-4a10-bae2-ee0c7da1f430","historyId":"ee346c7c5890d1bafdf75bae92404eba","fullName":"User Service Api Test: Login Negative Scenario2","labels":[{"name":"tag","value":"UserServiceTest"},{"name":"tag","value":"NegativeTest"},{"name":"tag","value":"AllTest"},{"name":"host","value":"DESKTOP-UCDTR7K"},{"name":"thread","value":"9056@DESKTOP-UCDTR7K.main(1)"},{"name":"feature","value":"User Service Api Test"},{"name":"story","value":"Login Negative Scenario2"},{"name":"suite","value":"User Service Api Test"},{"name":"testClass","value":"Login Negative Scenario2"},{"name":"framework","value":"cucumber4jvm"},{"name":"language","value":"java"},{"name":"gherkin_uri","value":"file:///C:/Users/Virgosol/IdeaProjects/Lib/src/test/resources/Features/User.feature"},{"name":"package","value":"src.test.resources.Features.User_feature.User Service Api Test"}],"links":[],"name":"Login Negative Scenario2","status":"failed","statusDetails":{"known":false,"muted":false,"flaky":false,"message":"Status code not 400 expected:<200> but was:<400>","trace":"java.lang.AssertionError: Status code not 400 expected:<200> but was:<400>\r\n\tat org.junit.Assert.fail(Assert.java:89)\r\n\tat org.junit.Assert.failNotEquals(Assert.java:835)\r\n\tat org.junit.Assert.assertEquals(Assert.java:647)\r\n\tat Test.UserServiceTest.getuserbyıd(UserServiceTest.java:26)\r\n\tat ✽.Check failed username with \"bayramaa\" parameter(file:///C:/Users/Virgosol/IdeaProjects/Lib/src/test/resources/Features/User.feature:25)\r\n"},"stage":"finished","steps":[{"name":"Given  Check failed username with \"bayramaa\" parameter","status":"failed","statusDetails":{"known":false,"muted":false,"flaky":false,"message":"Status code not 400 expected:<200> but was:<400>","trace":"java.lang.AssertionError: Status code not 400 expected:<200> but was:<400>\r\n\tat org.junit.Assert.fail(Assert.java:89)\r\n\tat org.junit.Assert.failNotEquals(Assert.java:835)\r\n\tat org.junit.Assert.assertEquals(Assert.java:647)\r\n\tat Test.UserServiceTest.getuserbyıd(UserServiceTest.java:26)\r\n\tat ✽.Check failed username with \"bayramaa\" parameter(file:///C:/Users/Virgosol/IdeaProjects/Lib/src/test/resources/Features/User.feature:25)\r\n"},"stage":"finished","steps":[],"attachments":[],"parameters":[],"start":1666180932547,"stop":1666180934099}],"attachments":[],"parameters":[{"name":"username","value":"bayramaa"}],"start":1666180932547,"stop":1666180934111}