{"uuid":"c5a8719b-b032-4290-b265-bdf88fed55f3","historyId":"992654ec51b55aa5f9ffd27045f00d50","fullName":"User Service Api Test: Login Negative Scenario2","labels":[{"name":"tag","value":"UserServiceTest"},{"name":"tag","value":"NegativeTest"},{"name":"tag","value":"AllTest"},{"name":"host","value":"DESKTOP-UCDTR7K"},{"name":"thread","value":"9056@DESKTOP-UCDTR7K.main(1)"},{"name":"feature","value":"User Service Api Test"},{"name":"story","value":"Login Negative Scenario2"},{"name":"suite","value":"User Service Api Test"},{"name":"testClass","value":"Login Negative Scenario2"},{"name":"framework","value":"cucumber4jvm"},{"name":"language","value":"java"},{"name":"gherkin_uri","value":"file:///C:/Users/Virgosol/IdeaProjects/Lib/src/test/resources/Features/User.feature"},{"name":"package","value":"src.test.resources.Features.User_feature.User Service Api Test"}],"links":[],"name":"Login Negative Scenario2","status":"failed","statusDetails":{"known":false,"muted":false,"flaky":false,"message":"Status code not 400 expected:<200> but was:<400>","trace":"java.lang.AssertionError: Status code not 400 expected:<200> but was:<400>\r\n\tat org.junit.Assert.fail(Assert.java:89)\r\n\tat org.junit.Assert.failNotEquals(Assert.java:835)\r\n\tat org.junit.Assert.assertEquals(Assert.java:647)\r\n\tat Test.UserServiceTest.getuserbyıd(UserServiceTest.java:26)\r\n\tat ✽.Check failed username with \"bayrama\" parameter(file:///C:/Users/Virgosol/IdeaProjects/Lib/src/test/resources/Features/User.feature:25)\r\n"},"stage":"finished","steps":[{"name":"Given  Check failed username with \"bayrama\" parameter","status":"failed","statusDetails":{"known":false,"muted":false,"flaky":false,"message":"Status code not 400 expected:<200> but was:<400>","trace":"java.lang.AssertionError: Status code not 400 expected:<200> but was:<400>\r\n\tat org.junit.Assert.fail(Assert.java:89)\r\n\tat org.junit.Assert.failNotEquals(Assert.java:835)\r\n\tat org.junit.Assert.assertEquals(Assert.java:647)\r\n\tat Test.UserServiceTest.getuserbyıd(UserServiceTest.java:26)\r\n\tat ✽.Check failed username with \"bayrama\" parameter(file:///C:/Users/Virgosol/IdeaProjects/Lib/src/test/resources/Features/User.feature:25)\r\n"},"stage":"finished","steps":[],"attachments":[],"parameters":[],"start":1666180934127,"stop":1666180934771}],"attachments":[],"parameters":[{"name":"username","value":"bayrama"}],"start":1666180934126,"stop":1666180934775}